train/images/aachen_000003_000019_leftImg8bit.png train/labels/aachen_000003_000019_leftImg8bit.txt
train/images/aachen_000008_000019_leftImg8bit.png train/labels/aachen_000008_000019_leftImg8bit.txt
train/images/aachen_000009_000019_leftImg8bit.png train/labels/aachen_000009_000019_leftImg8bit.txt
train/images/aachen_000014_000019_leftImg8bit.png train/labels/aachen_000014_000019_leftImg8bit.txt
train/images/aachen_000022_000019_leftImg8bit.png train/labels/aachen_000022_000019_leftImg8bit.txt
train/images/aachen_000031_000019_leftImg8bit.png train/labels/aachen_000031_000019_leftImg8bit.txt
train/images/aachen_000036_000019_leftImg8bit.png train/labels/aachen_000036_000019_leftImg8bit.txt
train/images/aachen_000042_000019_leftImg8bit.png train/labels/aachen_000042_000019_leftImg8bit.txt
train/images/aachen_000052_000019_leftImg8bit.png train/labels/aachen_000052_000019_leftImg8bit.txt
train/images/aachen_000059_000019_leftImg8bit.png train/labels/aachen_000059_000019_leftImg8bit.txt
train/images/aachen_000068_000019_leftImg8bit.png train/labels/aachen_000068_000019_leftImg8bit.txt
train/images/aachen_000074_000019_leftImg8bit.png train/labels/aachen_000074_000019_leftImg8bit.txt
train/images/aachen_000076_000019_leftImg8bit.png train/labels/aachen_000076_000019_leftImg8bit.txt
train/images/aachen_000082_000019_leftImg8bit.png train/labels/aachen_000082_000019_leftImg8bit.txt
train/images/aachen_000087_000019_leftImg8bit.png train/labels/aachen_000087_000019_leftImg8bit.txt
train/images/aachen_000105_000019_leftImg8bit.png train/labels/aachen_000105_000019_leftImg8bit.txt
train/images/aachen_000111_000019_leftImg8bit.png train/labels/aachen_000111_000019_leftImg8bit.txt
train/images/aachen_000121_000019_leftImg8bit.png train/labels/aachen_000121_000019_leftImg8bit.txt
train/images/aachen_000126_000019_leftImg8bit.png train/labels/aachen_000126_000019_leftImg8bit.txt
train/images/aachen_000133_000019_leftImg8bit.png train/labels/aachen_000133_000019_leftImg8bit.txt
train/images/aachen_000139_000019_leftImg8bit.png train/labels/aachen_000139_000019_leftImg8bit.txt
train/images/aachen_000143_000019_leftImg8bit.png train/labels/aachen_000143_000019_leftImg8bit.txt
train/images/aachen_000161_000019_leftImg8bit.png train/labels/aachen_000161_000019_leftImg8bit.txt
train/images/aachen_000170_000019_leftImg8bit.png train/labels/aachen_000170_000019_leftImg8bit.txt
train/images/bochum_000000_000885_leftImg8bit.png train/labels/bochum_000000_000885_leftImg8bit.txt
train/images/bochum_000000_006484_leftImg8bit.png train/labels/bochum_000000_006484_leftImg8bit.txt
train/images/bochum_000000_006746_leftImg8bit.png train/labels/bochum_000000_006746_leftImg8bit.txt
train/images/bochum_000000_007150_leftImg8bit.png train/labels/bochum_000000_007150_leftImg8bit.txt
train/images/bochum_000000_008448_leftImg8bit.png train/labels/bochum_000000_008448_leftImg8bit.txt
train/images/bochum_000000_009554_leftImg8bit.png train/labels/bochum_000000_009554_leftImg8bit.txt
train/images/bochum_000000_011711_leftImg8bit.png train/labels/bochum_000000_011711_leftImg8bit.txt
train/images/bochum_000000_021325_leftImg8bit.png train/labels/bochum_000000_021325_leftImg8bit.txt
train/images/bochum_000000_023648_leftImg8bit.png train/labels/bochum_000000_023648_leftImg8bit.txt
train/images/bochum_000000_025746_leftImg8bit.png train/labels/bochum_000000_025746_leftImg8bit.txt
train/images/bochum_000000_029721_leftImg8bit.png train/labels/bochum_000000_029721_leftImg8bit.txt
train/images/bochum_000000_031152_leftImg8bit.png train/labels/bochum_000000_031152_leftImg8bit.txt
train/images/bochum_000000_033331_leftImg8bit.png train/labels/bochum_000000_033331_leftImg8bit.txt
train/images/bochum_000000_035958_leftImg8bit.png train/labels/bochum_000000_035958_leftImg8bit.txt
train/images/bochum_000000_036606_leftImg8bit.png train/labels/bochum_000000_036606_leftImg8bit.txt
train/images/bremen_000002_000019_leftImg8bit.png train/labels/bremen_000002_000019_leftImg8bit.txt
train/images/bremen_000026_000019_leftImg8bit.png train/labels/bremen_000026_000019_leftImg8bit.txt
train/images/bremen_000031_000019_leftImg8bit.png train/labels/bremen_000031_000019_leftImg8bit.txt
train/images/bremen_000048_000019_leftImg8bit.png train/labels/bremen_000048_000019_leftImg8bit.txt
train/images/bremen_000049_000019_leftImg8bit.png train/labels/bremen_000049_000019_leftImg8bit.txt
train/images/bremen_000052_000019_leftImg8bit.png train/labels/bremen_000052_000019_leftImg8bit.txt
train/images/bremen_000059_000019_leftImg8bit.png train/labels/bremen_000059_000019_leftImg8bit.txt
train/images/bremen_000064_000019_leftImg8bit.png train/labels/bremen_000064_000019_leftImg8bit.txt
train/images/bremen_000078_000019_leftImg8bit.png train/labels/bremen_000078_000019_leftImg8bit.txt
train/images/bremen_000080_000019_leftImg8bit.png train/labels/bremen_000080_000019_leftImg8bit.txt
train/images/bremen_000081_000019_leftImg8bit.png train/labels/bremen_000081_000019_leftImg8bit.txt
train/images/bremen_000090_000019_leftImg8bit.png train/labels/bremen_000090_000019_leftImg8bit.txt
train/images/bremen_000094_000019_leftImg8bit.png train/labels/bremen_000094_000019_leftImg8bit.txt
train/images/bremen_000105_000019_leftImg8bit.png train/labels/bremen_000105_000019_leftImg8bit.txt
train/images/bremen_000114_000019_leftImg8bit.png train/labels/bremen_000114_000019_leftImg8bit.txt
train/images/bremen_000118_000019_leftImg8bit.png train/labels/bremen_000118_000019_leftImg8bit.txt
train/images/bremen_000119_000019_leftImg8bit.png train/labels/bremen_000119_000019_leftImg8bit.txt
train/images/bremen_000131_000019_leftImg8bit.png train/labels/bremen_000131_000019_leftImg8bit.txt
train/images/bremen_000135_000019_leftImg8bit.png train/labels/bremen_000135_000019_leftImg8bit.txt
train/images/bremen_000138_000019_leftImg8bit.png train/labels/bremen_000138_000019_leftImg8bit.txt
train/images/bremen_000141_000019_leftImg8bit.png train/labels/bremen_000141_000019_leftImg8bit.txt
train/images/bremen_000149_000019_leftImg8bit.png train/labels/bremen_000149_000019_leftImg8bit.txt
train/images/bremen_000159_000019_leftImg8bit.png train/labels/bremen_000159_000019_leftImg8bit.txt
train/images/bremen_000166_000019_leftImg8bit.png train/labels/bremen_000166_000019_leftImg8bit.txt
train/images/bremen_000175_000019_leftImg8bit.png train/labels/bremen_000175_000019_leftImg8bit.txt
train/images/bremen_000183_000019_leftImg8bit.png train/labels/bremen_000183_000019_leftImg8bit.txt
train/images/bremen_000185_000019_leftImg8bit.png train/labels/bremen_000185_000019_leftImg8bit.txt
train/images/bremen_000188_000019_leftImg8bit.png train/labels/bremen_000188_000019_leftImg8bit.txt
train/images/bremen_000194_000019_leftImg8bit.png train/labels/bremen_000194_000019_leftImg8bit.txt
train/images/bremen_000195_000019_leftImg8bit.png train/labels/bremen_000195_000019_leftImg8bit.txt
train/images/bremen_000198_000019_leftImg8bit.png train/labels/bremen_000198_000019_leftImg8bit.txt
train/images/bremen_000201_000019_leftImg8bit.png train/labels/bremen_000201_000019_leftImg8bit.txt
train/images/bremen_000205_000019_leftImg8bit.png train/labels/bremen_000205_000019_leftImg8bit.txt
train/images/bremen_000220_000019_leftImg8bit.png train/labels/bremen_000220_000019_leftImg8bit.txt
train/images/bremen_000260_000019_leftImg8bit.png train/labels/bremen_000260_000019_leftImg8bit.txt
train/images/bremen_000265_000019_leftImg8bit.png train/labels/bremen_000265_000019_leftImg8bit.txt
train/images/bremen_000267_000019_leftImg8bit.png train/labels/bremen_000267_000019_leftImg8bit.txt
train/images/bremen_000283_000019_leftImg8bit.png train/labels/bremen_000283_000019_leftImg8bit.txt
train/images/bremen_000299_000019_leftImg8bit.png train/labels/bremen_000299_000019_leftImg8bit.txt
train/images/bremen_000304_000019_leftImg8bit.png train/labels/bremen_000304_000019_leftImg8bit.txt
train/images/bremen_000310_000019_leftImg8bit.png train/labels/bremen_000310_000019_leftImg8bit.txt
train/images/cologne_000001_000019_leftImg8bit.png train/labels/cologne_000001_000019_leftImg8bit.txt
train/images/cologne_000012_000019_leftImg8bit.png train/labels/cologne_000012_000019_leftImg8bit.txt
train/images/cologne_000013_000019_leftImg8bit.png train/labels/cologne_000013_000019_leftImg8bit.txt
train/images/cologne_000016_000019_leftImg8bit.png train/labels/cologne_000016_000019_leftImg8bit.txt
train/images/cologne_000030_000019_leftImg8bit.png train/labels/cologne_000030_000019_leftImg8bit.txt
train/images/cologne_000033_000019_leftImg8bit.png train/labels/cologne_000033_000019_leftImg8bit.txt
train/images/cologne_000035_000019_leftImg8bit.png train/labels/cologne_000035_000019_leftImg8bit.txt
train/images/cologne_000040_000019_leftImg8bit.png train/labels/cologne_000040_000019_leftImg8bit.txt
train/images/cologne_000043_000019_leftImg8bit.png train/labels/cologne_000043_000019_leftImg8bit.txt
train/images/cologne_000054_000019_leftImg8bit.png train/labels/cologne_000054_000019_leftImg8bit.txt
train/images/cologne_000068_000019_leftImg8bit.png train/labels/cologne_000068_000019_leftImg8bit.txt
train/images/cologne_000072_000019_leftImg8bit.png train/labels/cologne_000072_000019_leftImg8bit.txt
train/images/cologne_000078_000019_leftImg8bit.png train/labels/cologne_000078_000019_leftImg8bit.txt
train/images/cologne_000086_000019_leftImg8bit.png train/labels/cologne_000086_000019_leftImg8bit.txt
train/images/cologne_000092_000019_leftImg8bit.png train/labels/cologne_000092_000019_leftImg8bit.txt
train/images/cologne_000095_000019_leftImg8bit.png train/labels/cologne_000095_000019_leftImg8bit.txt
train/images/cologne_000100_000019_leftImg8bit.png train/labels/cologne_000100_000019_leftImg8bit.txt
train/images/cologne_000102_000019_leftImg8bit.png train/labels/cologne_000102_000019_leftImg8bit.txt
train/images/cologne_000105_000019_leftImg8bit.png train/labels/cologne_000105_000019_leftImg8bit.txt
train/images/cologne_000107_000019_leftImg8bit.png train/labels/cologne_000107_000019_leftImg8bit.txt
train/images/cologne_000138_000019_leftImg8bit.png train/labels/cologne_000138_000019_leftImg8bit.txt
train/images/cologne_000141_000019_leftImg8bit.png train/labels/cologne_000141_000019_leftImg8bit.txt
train/images/darmstadt_000003_000019_leftImg8bit.png train/labels/darmstadt_000003_000019_leftImg8bit.txt
train/images/darmstadt_000006_000019_leftImg8bit.png train/labels/darmstadt_000006_000019_leftImg8bit.txt
train/images/darmstadt_000007_000019_leftImg8bit.png train/labels/darmstadt_000007_000019_leftImg8bit.txt
train/images/darmstadt_000008_000019_leftImg8bit.png train/labels/darmstadt_000008_000019_leftImg8bit.txt
train/images/darmstadt_000009_000019_leftImg8bit.png train/labels/darmstadt_000009_000019_leftImg8bit.txt
train/images/darmstadt_000017_000019_leftImg8bit.png train/labels/darmstadt_000017_000019_leftImg8bit.txt
train/images/darmstadt_000021_000019_leftImg8bit.png train/labels/darmstadt_000021_000019_leftImg8bit.txt
train/images/darmstadt_000022_000019_leftImg8bit.png train/labels/darmstadt_000022_000019_leftImg8bit.txt
train/images/darmstadt_000024_000019_leftImg8bit.png train/labels/darmstadt_000024_000019_leftImg8bit.txt
train/images/darmstadt_000044_000019_leftImg8bit.png train/labels/darmstadt_000044_000019_leftImg8bit.txt
train/images/darmstadt_000056_000019_leftImg8bit.png train/labels/darmstadt_000056_000019_leftImg8bit.txt
train/images/darmstadt_000075_000019_leftImg8bit.png train/labels/darmstadt_000075_000019_leftImg8bit.txt
train/images/darmstadt_000081_000019_leftImg8bit.png train/labels/darmstadt_000081_000019_leftImg8bit.txt
train/images/darmstadt_000082_000019_leftImg8bit.png train/labels/darmstadt_000082_000019_leftImg8bit.txt
train/images/dusseldorf_000002_000019_leftImg8bit.png train/labels/dusseldorf_000002_000019_leftImg8bit.txt
train/images/dusseldorf_000012_000019_leftImg8bit.png train/labels/dusseldorf_000012_000019_leftImg8bit.txt
train/images/dusseldorf_000014_000019_leftImg8bit.png train/labels/dusseldorf_000014_000019_leftImg8bit.txt
train/images/dusseldorf_000016_000019_leftImg8bit.png train/labels/dusseldorf_000016_000019_leftImg8bit.txt
train/images/dusseldorf_000023_000019_leftImg8bit.png train/labels/dusseldorf_000023_000019_leftImg8bit.txt
train/images/dusseldorf_000025_000019_leftImg8bit.png train/labels/dusseldorf_000025_000019_leftImg8bit.txt
train/images/dusseldorf_000030_000019_leftImg8bit.png train/labels/dusseldorf_000030_000019_leftImg8bit.txt
train/images/dusseldorf_000036_000019_leftImg8bit.png train/labels/dusseldorf_000036_000019_leftImg8bit.txt
train/images/dusseldorf_000039_000019_leftImg8bit.png train/labels/dusseldorf_000039_000019_leftImg8bit.txt
train/images/dusseldorf_000041_000019_leftImg8bit.png train/labels/dusseldorf_000041_000019_leftImg8bit.txt
train/images/dusseldorf_000046_000019_leftImg8bit.png train/labels/dusseldorf_000046_000019_leftImg8bit.txt
train/images/dusseldorf_000047_000019_leftImg8bit.png train/labels/dusseldorf_000047_000019_leftImg8bit.txt
train/images/dusseldorf_000057_000019_leftImg8bit.png train/labels/dusseldorf_000057_000019_leftImg8bit.txt
train/images/dusseldorf_000060_000019_leftImg8bit.png train/labels/dusseldorf_000060_000019_leftImg8bit.txt
train/images/dusseldorf_000064_000019_leftImg8bit.png train/labels/dusseldorf_000064_000019_leftImg8bit.txt
train/images/dusseldorf_000067_000019_leftImg8bit.png train/labels/dusseldorf_000067_000019_leftImg8bit.txt
train/images/dusseldorf_000074_000019_leftImg8bit.png train/labels/dusseldorf_000074_000019_leftImg8bit.txt
train/images/dusseldorf_000083_000019_leftImg8bit.png train/labels/dusseldorf_000083_000019_leftImg8bit.txt
train/images/dusseldorf_000086_000019_leftImg8bit.png train/labels/dusseldorf_000086_000019_leftImg8bit.txt
train/images/dusseldorf_000088_000019_leftImg8bit.png train/labels/dusseldorf_000088_000019_leftImg8bit.txt
train/images/dusseldorf_000091_000019_leftImg8bit.png train/labels/dusseldorf_000091_000019_leftImg8bit.txt
train/images/dusseldorf_000101_000019_leftImg8bit.png train/labels/dusseldorf_000101_000019_leftImg8bit.txt
train/images/dusseldorf_000108_000019_leftImg8bit.png train/labels/dusseldorf_000108_000019_leftImg8bit.txt
train/images/dusseldorf_000121_000019_leftImg8bit.png train/labels/dusseldorf_000121_000019_leftImg8bit.txt
train/images/dusseldorf_000141_000019_leftImg8bit.png train/labels/dusseldorf_000141_000019_leftImg8bit.txt
train/images/dusseldorf_000146_000019_leftImg8bit.png train/labels/dusseldorf_000146_000019_leftImg8bit.txt
train/images/dusseldorf_000148_000019_leftImg8bit.png train/labels/dusseldorf_000148_000019_leftImg8bit.txt
train/images/dusseldorf_000151_000019_leftImg8bit.png train/labels/dusseldorf_000151_000019_leftImg8bit.txt
train/images/dusseldorf_000156_000019_leftImg8bit.png train/labels/dusseldorf_000156_000019_leftImg8bit.txt
train/images/dusseldorf_000159_000019_leftImg8bit.png train/labels/dusseldorf_000159_000019_leftImg8bit.txt
train/images/dusseldorf_000162_000019_leftImg8bit.png train/labels/dusseldorf_000162_000019_leftImg8bit.txt
train/images/dusseldorf_000166_000019_leftImg8bit.png train/labels/dusseldorf_000166_000019_leftImg8bit.txt
train/images/dusseldorf_000178_000019_leftImg8bit.png train/labels/dusseldorf_000178_000019_leftImg8bit.txt
train/images/dusseldorf_000190_000019_leftImg8bit.png train/labels/dusseldorf_000190_000019_leftImg8bit.txt
train/images/dusseldorf_000198_000019_leftImg8bit.png train/labels/dusseldorf_000198_000019_leftImg8bit.txt
train/images/dusseldorf_000202_000019_leftImg8bit.png train/labels/dusseldorf_000202_000019_leftImg8bit.txt
train/images/dusseldorf_000215_000019_leftImg8bit.png train/labels/dusseldorf_000215_000019_leftImg8bit.txt
train/images/erfurt_000000_000019_leftImg8bit.png train/labels/erfurt_000000_000019_leftImg8bit.txt
train/images/erfurt_000002_000019_leftImg8bit.png train/labels/erfurt_000002_000019_leftImg8bit.txt
train/images/erfurt_000007_000019_leftImg8bit.png train/labels/erfurt_000007_000019_leftImg8bit.txt
train/images/erfurt_000008_000019_leftImg8bit.png train/labels/erfurt_000008_000019_leftImg8bit.txt
train/images/erfurt_000019_000019_leftImg8bit.png train/labels/erfurt_000019_000019_leftImg8bit.txt
train/images/erfurt_000037_000019_leftImg8bit.png train/labels/erfurt_000037_000019_leftImg8bit.txt
train/images/erfurt_000042_000019_leftImg8bit.png train/labels/erfurt_000042_000019_leftImg8bit.txt
train/images/erfurt_000045_000019_leftImg8bit.png train/labels/erfurt_000045_000019_leftImg8bit.txt
train/images/erfurt_000055_000019_leftImg8bit.png train/labels/erfurt_000055_000019_leftImg8bit.txt
train/images/erfurt_000058_000019_leftImg8bit.png train/labels/erfurt_000058_000019_leftImg8bit.txt
train/images/erfurt_000070_000019_leftImg8bit.png train/labels/erfurt_000070_000019_leftImg8bit.txt
train/images/erfurt_000073_000019_leftImg8bit.png train/labels/erfurt_000073_000019_leftImg8bit.txt
train/images/erfurt_000091_000019_leftImg8bit.png train/labels/erfurt_000091_000019_leftImg8bit.txt
train/images/hamburg_000000_003488_leftImg8bit.png train/labels/hamburg_000000_003488_leftImg8bit.txt
train/images/hamburg_000000_005639_leftImg8bit.png train/labels/hamburg_000000_005639_leftImg8bit.txt
train/images/hamburg_000000_006192_leftImg8bit.png train/labels/hamburg_000000_006192_leftImg8bit.txt
train/images/hamburg_000000_006322_leftImg8bit.png train/labels/hamburg_000000_006322_leftImg8bit.txt
train/images/hamburg_000000_016447_leftImg8bit.png train/labels/hamburg_000000_016447_leftImg8bit.txt
train/images/hamburg_000000_024251_leftImg8bit.png train/labels/hamburg_000000_024251_leftImg8bit.txt
train/images/hamburg_000000_029144_leftImg8bit.png train/labels/hamburg_000000_029144_leftImg8bit.txt
train/images/hamburg_000000_029378_leftImg8bit.png train/labels/hamburg_000000_029378_leftImg8bit.txt
train/images/hamburg_000000_029676_leftImg8bit.png train/labels/hamburg_000000_029676_leftImg8bit.txt
train/images/hamburg_000000_033506_leftImg8bit.png train/labels/hamburg_000000_033506_leftImg8bit.txt
train/images/hamburg_000000_034049_leftImg8bit.png train/labels/hamburg_000000_034049_leftImg8bit.txt
train/images/hamburg_000000_037741_leftImg8bit.png train/labels/hamburg_000000_037741_leftImg8bit.txt
train/images/hamburg_000000_047057_leftImg8bit.png train/labels/hamburg_000000_047057_leftImg8bit.txt
train/images/hamburg_000000_048494_leftImg8bit.png train/labels/hamburg_000000_048494_leftImg8bit.txt
train/images/hamburg_000000_048750_leftImg8bit.png train/labels/hamburg_000000_048750_leftImg8bit.txt
train/images/hamburg_000000_049558_leftImg8bit.png train/labels/hamburg_000000_049558_leftImg8bit.txt
train/images/hamburg_000000_052122_leftImg8bit.png train/labels/hamburg_000000_052122_leftImg8bit.txt
train/images/hamburg_000000_054029_leftImg8bit.png train/labels/hamburg_000000_054029_leftImg8bit.txt
train/images/hamburg_000000_061468_leftImg8bit.png train/labels/hamburg_000000_061468_leftImg8bit.txt
train/images/hamburg_000000_066988_leftImg8bit.png train/labels/hamburg_000000_066988_leftImg8bit.txt
train/images/hamburg_000000_069096_leftImg8bit.png train/labels/hamburg_000000_069096_leftImg8bit.txt
train/images/hamburg_000000_076392_leftImg8bit.png train/labels/hamburg_000000_076392_leftImg8bit.txt
train/images/hamburg_000000_077144_leftImg8bit.png train/labels/hamburg_000000_077144_leftImg8bit.txt
train/images/hamburg_000000_077756_leftImg8bit.png train/labels/hamburg_000000_077756_leftImg8bit.txt
train/images/hamburg_000000_080169_leftImg8bit.png train/labels/hamburg_000000_080169_leftImg8bit.txt
train/images/hamburg_000000_081299_leftImg8bit.png train/labels/hamburg_000000_081299_leftImg8bit.txt
train/images/hamburg_000000_085982_leftImg8bit.png train/labels/hamburg_000000_085982_leftImg8bit.txt
train/images/hamburg_000000_086499_leftImg8bit.png train/labels/hamburg_000000_086499_leftImg8bit.txt
train/images/hamburg_000000_087216_leftImg8bit.png train/labels/hamburg_000000_087216_leftImg8bit.txt
train/images/hamburg_000000_087822_leftImg8bit.png train/labels/hamburg_000000_087822_leftImg8bit.txt
train/images/hamburg_000000_088054_leftImg8bit.png train/labels/hamburg_000000_088054_leftImg8bit.txt
train/images/hamburg_000000_088939_leftImg8bit.png train/labels/hamburg_000000_088939_leftImg8bit.txt
train/images/hamburg_000000_091155_leftImg8bit.png train/labels/hamburg_000000_091155_leftImg8bit.txt
train/images/hamburg_000000_094185_leftImg8bit.png train/labels/hamburg_000000_094185_leftImg8bit.txt
train/images/hamburg_000000_095561_leftImg8bit.png train/labels/hamburg_000000_095561_leftImg8bit.txt
train/images/hamburg_000000_097086_leftImg8bit.png train/labels/hamburg_000000_097086_leftImg8bit.txt
train/images/hamburg_000000_098616_leftImg8bit.png train/labels/hamburg_000000_098616_leftImg8bit.txt
train/images/hamburg_000000_099109_leftImg8bit.png train/labels/hamburg_000000_099109_leftImg8bit.txt
train/images/hamburg_000000_099902_leftImg8bit.png train/labels/hamburg_000000_099902_leftImg8bit.txt
train/images/hamburg_000000_104857_leftImg8bit.png train/labels/hamburg_000000_104857_leftImg8bit.txt
train/images/hamburg_000000_105123_leftImg8bit.png train/labels/hamburg_000000_105123_leftImg8bit.txt
train/images/hanover_000000_000164_leftImg8bit.png train/labels/hanover_000000_000164_leftImg8bit.txt
train/images/hanover_000000_001620_leftImg8bit.png train/labels/hanover_000000_001620_leftImg8bit.txt
train/images/hanover_000000_002140_leftImg8bit.png train/labels/hanover_000000_002140_leftImg8bit.txt
train/images/hanover_000000_002458_leftImg8bit.png train/labels/hanover_000000_002458_leftImg8bit.txt
train/images/hanover_000000_003224_leftImg8bit.png train/labels/hanover_000000_003224_leftImg8bit.txt
train/images/hanover_000000_003853_leftImg8bit.png train/labels/hanover_000000_003853_leftImg8bit.txt
train/images/hanover_000000_004752_leftImg8bit.png train/labels/hanover_000000_004752_leftImg8bit.txt
train/images/hanover_000000_005175_leftImg8bit.png train/labels/hanover_000000_005175_leftImg8bit.txt
train/images/hanover_000000_005288_leftImg8bit.png train/labels/hanover_000000_005288_leftImg8bit.txt
train/images/hanover_000000_006355_leftImg8bit.png train/labels/hanover_000000_006355_leftImg8bit.txt
train/images/hanover_000000_010403_leftImg8bit.png train/labels/hanover_000000_010403_leftImg8bit.txt
train/images/hanover_000000_011471_leftImg8bit.png train/labels/hanover_000000_011471_leftImg8bit.txt
train/images/hanover_000000_012675_leftImg8bit.png train/labels/hanover_000000_012675_leftImg8bit.txt
train/images/hanover_000000_013814_leftImg8bit.png train/labels/hanover_000000_013814_leftImg8bit.txt
train/images/hanover_000000_014319_leftImg8bit.png train/labels/hanover_000000_014319_leftImg8bit.txt
train/images/hanover_000000_020655_leftImg8bit.png train/labels/hanover_000000_020655_leftImg8bit.txt
train/images/hanover_000000_023239_leftImg8bit.png train/labels/hanover_000000_023239_leftImg8bit.txt
train/images/hanover_000000_023614_leftImg8bit.png train/labels/hanover_000000_023614_leftImg8bit.txt
train/images/hanover_000000_024276_leftImg8bit.png train/labels/hanover_000000_024276_leftImg8bit.txt
train/images/hanover_000000_024719_leftImg8bit.png train/labels/hanover_000000_024719_leftImg8bit.txt
train/images/hanover_000000_025437_leftImg8bit.png train/labels/hanover_000000_025437_leftImg8bit.txt
train/images/hanover_000000_027998_leftImg8bit.png train/labels/hanover_000000_027998_leftImg8bit.txt
train/images/hanover_000000_028460_leftImg8bit.png train/labels/hanover_000000_028460_leftImg8bit.txt
train/images/hanover_000000_029043_leftImg8bit.png train/labels/hanover_000000_029043_leftImg8bit.txt
train/images/hanover_000000_032210_leftImg8bit.png train/labels/hanover_000000_032210_leftImg8bit.txt
train/images/hanover_000000_034141_leftImg8bit.png train/labels/hanover_000000_034141_leftImg8bit.txt
train/images/hanover_000000_035491_leftImg8bit.png train/labels/hanover_000000_035491_leftImg8bit.txt
train/images/hanover_000000_038773_leftImg8bit.png train/labels/hanover_000000_038773_leftImg8bit.txt
train/images/hanover_000000_040294_leftImg8bit.png train/labels/hanover_000000_040294_leftImg8bit.txt
train/images/hanover_000000_041232_leftImg8bit.png train/labels/hanover_000000_041232_leftImg8bit.txt
train/images/hanover_000000_041610_leftImg8bit.png train/labels/hanover_000000_041610_leftImg8bit.txt
train/images/hanover_000000_042382_leftImg8bit.png train/labels/hanover_000000_042382_leftImg8bit.txt
train/images/hanover_000000_042581_leftImg8bit.png train/labels/hanover_000000_042581_leftImg8bit.txt
train/images/hanover_000000_043822_leftImg8bit.png train/labels/hanover_000000_043822_leftImg8bit.txt
train/images/hanover_000000_044085_leftImg8bit.png train/labels/hanover_000000_044085_leftImg8bit.txt
train/images/hanover_000000_044622_leftImg8bit.png train/labels/hanover_000000_044622_leftImg8bit.txt
train/images/hanover_000000_045004_leftImg8bit.png train/labels/hanover_000000_045004_leftImg8bit.txt
train/images/hanover_000000_046398_leftImg8bit.png train/labels/hanover_000000_046398_leftImg8bit.txt
train/images/hanover_000000_046646_leftImg8bit.png train/labels/hanover_000000_046646_leftImg8bit.txt
train/images/hanover_000000_047499_leftImg8bit.png train/labels/hanover_000000_047499_leftImg8bit.txt
train/images/hanover_000000_048379_leftImg8bit.png train/labels/hanover_000000_048379_leftImg8bit.txt
train/images/hanover_000000_048508_leftImg8bit.png train/labels/hanover_000000_048508_leftImg8bit.txt
train/images/hanover_000000_049465_leftImg8bit.png train/labels/hanover_000000_049465_leftImg8bit.txt
train/images/hanover_000000_052649_leftImg8bit.png train/labels/hanover_000000_052649_leftImg8bit.txt
train/images/hanover_000000_053437_leftImg8bit.png train/labels/hanover_000000_053437_leftImg8bit.txt
train/images/hanover_000000_054276_leftImg8bit.png train/labels/hanover_000000_054276_leftImg8bit.txt
train/images/hanover_000000_055592_leftImg8bit.png train/labels/hanover_000000_055592_leftImg8bit.txt
train/images/hanover_000000_056142_leftImg8bit.png train/labels/hanover_000000_056142_leftImg8bit.txt
train/images/jena_000003_000019_leftImg8bit.png train/labels/jena_000003_000019_leftImg8bit.txt
train/images/jena_000015_000019_leftImg8bit.png train/labels/jena_000015_000019_leftImg8bit.txt
train/images/jena_000019_000019_leftImg8bit.png train/labels/jena_000019_000019_leftImg8bit.txt
train/images/jena_000022_000019_leftImg8bit.png train/labels/jena_000022_000019_leftImg8bit.txt
train/images/jena_000026_000019_leftImg8bit.png train/labels/jena_000026_000019_leftImg8bit.txt
train/images/jena_000028_000019_leftImg8bit.png train/labels/jena_000028_000019_leftImg8bit.txt
train/images/jena_000030_000019_leftImg8bit.png train/labels/jena_000030_000019_leftImg8bit.txt
train/images/jena_000038_000019_leftImg8bit.png train/labels/jena_000038_000019_leftImg8bit.txt
train/images/jena_000048_000019_leftImg8bit.png train/labels/jena_000048_000019_leftImg8bit.txt
train/images/jena_000050_000019_leftImg8bit.png train/labels/jena_000050_000019_leftImg8bit.txt
train/images/jena_000053_000019_leftImg8bit.png train/labels/jena_000053_000019_leftImg8bit.txt
train/images/jena_000055_000019_leftImg8bit.png train/labels/jena_000055_000019_leftImg8bit.txt
train/images/jena_000059_000019_leftImg8bit.png train/labels/jena_000059_000019_leftImg8bit.txt
train/images/jena_000064_000019_leftImg8bit.png train/labels/jena_000064_000019_leftImg8bit.txt
train/images/jena_000065_000019_leftImg8bit.png train/labels/jena_000065_000019_leftImg8bit.txt
train/images/jena_000068_000019_leftImg8bit.png train/labels/jena_000068_000019_leftImg8bit.txt
train/images/jena_000076_000019_leftImg8bit.png train/labels/jena_000076_000019_leftImg8bit.txt
train/images/jena_000090_000019_leftImg8bit.png train/labels/jena_000090_000019_leftImg8bit.txt
train/images/jena_000091_000019_leftImg8bit.png train/labels/jena_000091_000019_leftImg8bit.txt
train/images/jena_000094_000019_leftImg8bit.png train/labels/jena_000094_000019_leftImg8bit.txt
train/images/jena_000103_000019_leftImg8bit.png train/labels/jena_000103_000019_leftImg8bit.txt
train/images/jena_000110_000019_leftImg8bit.png train/labels/jena_000110_000019_leftImg8bit.txt
train/images/jena_000116_000019_leftImg8bit.png train/labels/jena_000116_000019_leftImg8bit.txt
train/images/krefeld_000000_000108_leftImg8bit.png train/labels/krefeld_000000_000108_leftImg8bit.txt
train/images/krefeld_000000_000926_leftImg8bit.png train/labels/krefeld_000000_000926_leftImg8bit.txt
train/images/krefeld_000000_004608_leftImg8bit.png train/labels/krefeld_000000_004608_leftImg8bit.txt
train/images/krefeld_000000_005503_leftImg8bit.png train/labels/krefeld_000000_005503_leftImg8bit.txt
train/images/krefeld_000000_006274_leftImg8bit.png train/labels/krefeld_000000_006274_leftImg8bit.txt
train/images/krefeld_000000_007325_leftImg8bit.png train/labels/krefeld_000000_007325_leftImg8bit.txt
train/images/krefeld_000000_008584_leftImg8bit.png train/labels/krefeld_000000_008584_leftImg8bit.txt
train/images/krefeld_000000_009574_leftImg8bit.png train/labels/krefeld_000000_009574_leftImg8bit.txt
train/images/krefeld_000000_010329_leftImg8bit.png train/labels/krefeld_000000_010329_leftImg8bit.txt
train/images/krefeld_000000_010653_leftImg8bit.png train/labels/krefeld_000000_010653_leftImg8bit.txt
train/images/krefeld_000000_011655_leftImg8bit.png train/labels/krefeld_000000_011655_leftImg8bit.txt
train/images/krefeld_000000_012353_leftImg8bit.png train/labels/krefeld_000000_012353_leftImg8bit.txt
train/images/krefeld_000000_013139_leftImg8bit.png train/labels/krefeld_000000_013139_leftImg8bit.txt
train/images/krefeld_000000_015494_leftImg8bit.png train/labels/krefeld_000000_015494_leftImg8bit.txt
train/images/krefeld_000000_016342_leftImg8bit.png train/labels/krefeld_000000_016342_leftImg8bit.txt
train/images/krefeld_000000_018866_leftImg8bit.png train/labels/krefeld_000000_018866_leftImg8bit.txt
train/images/krefeld_000000_019125_leftImg8bit.png train/labels/krefeld_000000_019125_leftImg8bit.txt
train/images/krefeld_000000_019697_leftImg8bit.png train/labels/krefeld_000000_019697_leftImg8bit.txt
train/images/krefeld_000000_023698_leftImg8bit.png train/labels/krefeld_000000_023698_leftImg8bit.txt
train/images/krefeld_000000_026919_leftImg8bit.png train/labels/krefeld_000000_026919_leftImg8bit.txt
train/images/krefeld_000000_027596_leftImg8bit.png train/labels/krefeld_000000_027596_leftImg8bit.txt
train/images/krefeld_000000_029050_leftImg8bit.png train/labels/krefeld_000000_029050_leftImg8bit.txt
train/images/krefeld_000000_030221_leftImg8bit.png train/labels/krefeld_000000_030221_leftImg8bit.txt
train/images/krefeld_000000_032390_leftImg8bit.png train/labels/krefeld_000000_032390_leftImg8bit.txt
train/images/krefeld_000000_034156_leftImg8bit.png train/labels/krefeld_000000_034156_leftImg8bit.txt
train/images/monchengladbach_000000_000383_leftImg8bit.png train/labels/monchengladbach_000000_000383_leftImg8bit.txt
train/images/monchengladbach_000000_002478_leftImg8bit.png train/labels/monchengladbach_000000_002478_leftImg8bit.txt
train/images/monchengladbach_000000_005876_leftImg8bit.png train/labels/monchengladbach_000000_005876_leftImg8bit.txt
train/images/monchengladbach_000000_009191_leftImg8bit.png train/labels/monchengladbach_000000_009191_leftImg8bit.txt
train/images/monchengladbach_000000_009930_leftImg8bit.png train/labels/monchengladbach_000000_009930_leftImg8bit.txt
train/images/monchengladbach_000000_012376_leftImg8bit.png train/labels/monchengladbach_000000_012376_leftImg8bit.txt
train/images/monchengladbach_000000_013228_leftImg8bit.png train/labels/monchengladbach_000000_013228_leftImg8bit.txt
train/images/monchengladbach_000000_013352_leftImg8bit.png train/labels/monchengladbach_000000_013352_leftImg8bit.txt
train/images/monchengladbach_000000_015561_leftImg8bit.png train/labels/monchengladbach_000000_015561_leftImg8bit.txt
train/images/monchengladbach_000000_015928_leftImg8bit.png train/labels/monchengladbach_000000_015928_leftImg8bit.txt
train/images/monchengladbach_000000_017950_leftImg8bit.png train/labels/monchengladbach_000000_017950_leftImg8bit.txt
train/images/monchengladbach_000000_026305_leftImg8bit.png train/labels/monchengladbach_000000_026305_leftImg8bit.txt
train/images/monchengladbach_000000_026908_leftImg8bit.png train/labels/monchengladbach_000000_026908_leftImg8bit.txt
train/images/monchengladbach_000000_028216_leftImg8bit.png train/labels/monchengladbach_000000_028216_leftImg8bit.txt
train/images/monchengladbach_000000_028563_leftImg8bit.png train/labels/monchengladbach_000000_028563_leftImg8bit.txt
train/images/monchengladbach_000000_033683_leftImg8bit.png train/labels/monchengladbach_000000_033683_leftImg8bit.txt
train/images/strasbourg_000000_000751_leftImg8bit.png train/labels/strasbourg_000000_000751_leftImg8bit.txt
train/images/strasbourg_000000_003846_leftImg8bit.png train/labels/strasbourg_000000_003846_leftImg8bit.txt
train/images/strasbourg_000000_004383_leftImg8bit.png train/labels/strasbourg_000000_004383_leftImg8bit.txt
train/images/strasbourg_000000_005249_leftImg8bit.png train/labels/strasbourg_000000_005249_leftImg8bit.txt
train/images/strasbourg_000000_007727_leftImg8bit.png train/labels/strasbourg_000000_007727_leftImg8bit.txt
train/images/strasbourg_000000_008603_leftImg8bit.png train/labels/strasbourg_000000_008603_leftImg8bit.txt
train/images/strasbourg_000000_010049_leftImg8bit.png train/labels/strasbourg_000000_010049_leftImg8bit.txt
train/images/strasbourg_000000_011225_leftImg8bit.png train/labels/strasbourg_000000_011225_leftImg8bit.txt
train/images/strasbourg_000000_011880_leftImg8bit.png train/labels/strasbourg_000000_011880_leftImg8bit.txt
train/images/strasbourg_000000_013944_leftImg8bit.png train/labels/strasbourg_000000_013944_leftImg8bit.txt
train/images/strasbourg_000000_014066_leftImg8bit.png train/labels/strasbourg_000000_014066_leftImg8bit.txt
train/images/strasbourg_000000_015506_leftImg8bit.png train/labels/strasbourg_000000_015506_leftImg8bit.txt
train/images/strasbourg_000000_016311_leftImg8bit.png train/labels/strasbourg_000000_016311_leftImg8bit.txt
train/images/strasbourg_000000_017044_leftImg8bit.png train/labels/strasbourg_000000_017044_leftImg8bit.txt
train/images/strasbourg_000000_019617_leftImg8bit.png train/labels/strasbourg_000000_019617_leftImg8bit.txt
train/images/strasbourg_000000_020432_leftImg8bit.png train/labels/strasbourg_000000_020432_leftImg8bit.txt
train/images/strasbourg_000000_023064_leftImg8bit.png train/labels/strasbourg_000000_023064_leftImg8bit.txt
train/images/strasbourg_000000_023854_leftImg8bit.png train/labels/strasbourg_000000_023854_leftImg8bit.txt
train/images/strasbourg_000000_025491_leftImg8bit.png train/labels/strasbourg_000000_025491_leftImg8bit.txt
train/images/strasbourg_000000_026316_leftImg8bit.png train/labels/strasbourg_000000_026316_leftImg8bit.txt
train/images/strasbourg_000000_026575_leftImg8bit.png train/labels/strasbourg_000000_026575_leftImg8bit.txt
train/images/strasbourg_000000_028240_leftImg8bit.png train/labels/strasbourg_000000_028240_leftImg8bit.txt
train/images/strasbourg_000000_033062_leftImg8bit.png train/labels/strasbourg_000000_033062_leftImg8bit.txt
train/images/strasbourg_000000_034652_leftImg8bit.png train/labels/strasbourg_000000_034652_leftImg8bit.txt
train/images/strasbourg_000001_000508_leftImg8bit.png train/labels/strasbourg_000001_000508_leftImg8bit.txt
train/images/strasbourg_000001_000710_leftImg8bit.png train/labels/strasbourg_000001_000710_leftImg8bit.txt
train/images/strasbourg_000001_004106_leftImg8bit.png train/labels/strasbourg_000001_004106_leftImg8bit.txt
train/images/strasbourg_000001_005666_leftImg8bit.png train/labels/strasbourg_000001_005666_leftImg8bit.txt
train/images/strasbourg_000001_006386_leftImg8bit.png train/labels/strasbourg_000001_006386_leftImg8bit.txt
train/images/strasbourg_000001_009097_leftImg8bit.png train/labels/strasbourg_000001_009097_leftImg8bit.txt
train/images/strasbourg_000001_010445_leftImg8bit.png train/labels/strasbourg_000001_010445_leftImg8bit.txt
train/images/strasbourg_000001_016253_leftImg8bit.png train/labels/strasbourg_000001_016253_leftImg8bit.txt
train/images/strasbourg_000001_018155_leftImg8bit.png train/labels/strasbourg_000001_018155_leftImg8bit.txt
train/images/strasbourg_000001_021951_leftImg8bit.png train/labels/strasbourg_000001_021951_leftImg8bit.txt
train/images/strasbourg_000001_024152_leftImg8bit.png train/labels/strasbourg_000001_024152_leftImg8bit.txt
train/images/strasbourg_000001_026106_leftImg8bit.png train/labels/strasbourg_000001_026106_leftImg8bit.txt
train/images/strasbourg_000001_030725_leftImg8bit.png train/labels/strasbourg_000001_030725_leftImg8bit.txt
train/images/strasbourg_000001_030997_leftImg8bit.png train/labels/strasbourg_000001_030997_leftImg8bit.txt
train/images/strasbourg_000001_031427_leftImg8bit.png train/labels/strasbourg_000001_031427_leftImg8bit.txt
train/images/strasbourg_000001_045880_leftImg8bit.png train/labels/strasbourg_000001_045880_leftImg8bit.txt
train/images/strasbourg_000001_047619_leftImg8bit.png train/labels/strasbourg_000001_047619_leftImg8bit.txt
train/images/strasbourg_000001_048605_leftImg8bit.png train/labels/strasbourg_000001_048605_leftImg8bit.txt
train/images/strasbourg_000001_049143_leftImg8bit.png train/labels/strasbourg_000001_049143_leftImg8bit.txt
train/images/strasbourg_000001_051317_leftImg8bit.png train/labels/strasbourg_000001_051317_leftImg8bit.txt
train/images/strasbourg_000001_054639_leftImg8bit.png train/labels/strasbourg_000001_054639_leftImg8bit.txt
train/images/strasbourg_000001_055273_leftImg8bit.png train/labels/strasbourg_000001_055273_leftImg8bit.txt
train/images/strasbourg_000001_059433_leftImg8bit.png train/labels/strasbourg_000001_059433_leftImg8bit.txt
train/images/strasbourg_000001_060821_leftImg8bit.png train/labels/strasbourg_000001_060821_leftImg8bit.txt
train/images/strasbourg_000001_061285_leftImg8bit.png train/labels/strasbourg_000001_061285_leftImg8bit.txt
train/images/strasbourg_000001_063385_leftImg8bit.png train/labels/strasbourg_000001_063385_leftImg8bit.txt
train/images/stuttgart_000007_000019_leftImg8bit.png train/labels/stuttgart_000007_000019_leftImg8bit.txt
train/images/stuttgart_000008_000019_leftImg8bit.png train/labels/stuttgart_000008_000019_leftImg8bit.txt
train/images/stuttgart_000016_000019_leftImg8bit.png train/labels/stuttgart_000016_000019_leftImg8bit.txt
train/images/stuttgart_000022_000019_leftImg8bit.png train/labels/stuttgart_000022_000019_leftImg8bit.txt
train/images/stuttgart_000027_000019_leftImg8bit.png train/labels/stuttgart_000027_000019_leftImg8bit.txt
train/images/stuttgart_000045_000019_leftImg8bit.png train/labels/stuttgart_000045_000019_leftImg8bit.txt
train/images/stuttgart_000048_000019_leftImg8bit.png train/labels/stuttgart_000048_000019_leftImg8bit.txt
train/images/stuttgart_000069_000019_leftImg8bit.png train/labels/stuttgart_000069_000019_leftImg8bit.txt
train/images/stuttgart_000071_000019_leftImg8bit.png train/labels/stuttgart_000071_000019_leftImg8bit.txt
train/images/stuttgart_000082_000019_leftImg8bit.png train/labels/stuttgart_000082_000019_leftImg8bit.txt
train/images/stuttgart_000086_000019_leftImg8bit.png train/labels/stuttgart_000086_000019_leftImg8bit.txt
train/images/stuttgart_000097_000019_leftImg8bit.png train/labels/stuttgart_000097_000019_leftImg8bit.txt
train/images/stuttgart_000100_000019_leftImg8bit.png train/labels/stuttgart_000100_000019_leftImg8bit.txt
train/images/stuttgart_000109_000019_leftImg8bit.png train/labels/stuttgart_000109_000019_leftImg8bit.txt
train/images/stuttgart_000112_000019_leftImg8bit.png train/labels/stuttgart_000112_000019_leftImg8bit.txt
train/images/stuttgart_000121_000019_leftImg8bit.png train/labels/stuttgart_000121_000019_leftImg8bit.txt
train/images/stuttgart_000126_000019_leftImg8bit.png train/labels/stuttgart_000126_000019_leftImg8bit.txt
train/images/stuttgart_000137_000019_leftImg8bit.png train/labels/stuttgart_000137_000019_leftImg8bit.txt
train/images/stuttgart_000142_000019_leftImg8bit.png train/labels/stuttgart_000142_000019_leftImg8bit.txt
train/images/stuttgart_000149_000019_leftImg8bit.png train/labels/stuttgart_000149_000019_leftImg8bit.txt
train/images/stuttgart_000152_000019_leftImg8bit.png train/labels/stuttgart_000152_000019_leftImg8bit.txt
train/images/stuttgart_000165_000019_leftImg8bit.png train/labels/stuttgart_000165_000019_leftImg8bit.txt
train/images/stuttgart_000166_000019_leftImg8bit.png train/labels/stuttgart_000166_000019_leftImg8bit.txt
train/images/stuttgart_000174_000019_leftImg8bit.png train/labels/stuttgart_000174_000019_leftImg8bit.txt
train/images/stuttgart_000190_000019_leftImg8bit.png train/labels/stuttgart_000190_000019_leftImg8bit.txt
train/images/stuttgart_000191_000019_leftImg8bit.png train/labels/stuttgart_000191_000019_leftImg8bit.txt
train/images/stuttgart_000192_000019_leftImg8bit.png train/labels/stuttgart_000192_000019_leftImg8bit.txt
train/images/tubingen_000001_000019_leftImg8bit.png train/labels/tubingen_000001_000019_leftImg8bit.txt
train/images/tubingen_000017_000019_leftImg8bit.png train/labels/tubingen_000017_000019_leftImg8bit.txt
train/images/tubingen_000022_000019_leftImg8bit.png train/labels/tubingen_000022_000019_leftImg8bit.txt
train/images/tubingen_000024_000019_leftImg8bit.png train/labels/tubingen_000024_000019_leftImg8bit.txt
train/images/tubingen_000028_000019_leftImg8bit.png train/labels/tubingen_000028_000019_leftImg8bit.txt
train/images/tubingen_000031_000019_leftImg8bit.png train/labels/tubingen_000031_000019_leftImg8bit.txt
train/images/tubingen_000035_000019_leftImg8bit.png train/labels/tubingen_000035_000019_leftImg8bit.txt
train/images/tubingen_000046_000019_leftImg8bit.png train/labels/tubingen_000046_000019_leftImg8bit.txt
train/images/tubingen_000052_000019_leftImg8bit.png train/labels/tubingen_000052_000019_leftImg8bit.txt
train/images/tubingen_000066_000019_leftImg8bit.png train/labels/tubingen_000066_000019_leftImg8bit.txt
train/images/tubingen_000077_000019_leftImg8bit.png train/labels/tubingen_000077_000019_leftImg8bit.txt
train/images/tubingen_000085_000019_leftImg8bit.png train/labels/tubingen_000085_000019_leftImg8bit.txt
train/images/tubingen_000089_000019_leftImg8bit.png train/labels/tubingen_000089_000019_leftImg8bit.txt
train/images/tubingen_000094_000019_leftImg8bit.png train/labels/tubingen_000094_000019_leftImg8bit.txt
train/images/tubingen_000096_000019_leftImg8bit.png train/labels/tubingen_000096_000019_leftImg8bit.txt
train/images/tubingen_000114_000019_leftImg8bit.png train/labels/tubingen_000114_000019_leftImg8bit.txt
train/images/tubingen_000119_000019_leftImg8bit.png train/labels/tubingen_000119_000019_leftImg8bit.txt
train/images/tubingen_000123_000019_leftImg8bit.png train/labels/tubingen_000123_000019_leftImg8bit.txt
train/images/tubingen_000130_000019_leftImg8bit.png train/labels/tubingen_000130_000019_leftImg8bit.txt
train/images/tubingen_000136_000019_leftImg8bit.png train/labels/tubingen_000136_000019_leftImg8bit.txt
train/images/tubingen_000142_000019_leftImg8bit.png train/labels/tubingen_000142_000019_leftImg8bit.txt
train/images/ulm_000000_000019_leftImg8bit.png train/labels/ulm_000000_000019_leftImg8bit.txt
train/images/ulm_000027_000019_leftImg8bit.png train/labels/ulm_000027_000019_leftImg8bit.txt
train/images/ulm_000046_000019_leftImg8bit.png train/labels/ulm_000046_000019_leftImg8bit.txt
train/images/ulm_000050_000019_leftImg8bit.png train/labels/ulm_000050_000019_leftImg8bit.txt
train/images/ulm_000051_000019_leftImg8bit.png train/labels/ulm_000051_000019_leftImg8bit.txt
train/images/ulm_000056_000019_leftImg8bit.png train/labels/ulm_000056_000019_leftImg8bit.txt
train/images/ulm_000062_000019_leftImg8bit.png train/labels/ulm_000062_000019_leftImg8bit.txt
train/images/ulm_000065_000019_leftImg8bit.png train/labels/ulm_000065_000019_leftImg8bit.txt
train/images/ulm_000071_000019_leftImg8bit.png train/labels/ulm_000071_000019_leftImg8bit.txt
train/images/ulm_000075_000019_leftImg8bit.png train/labels/ulm_000075_000019_leftImg8bit.txt
train/images/ulm_000087_000019_leftImg8bit.png train/labels/ulm_000087_000019_leftImg8bit.txt
train/images/ulm_000090_000019_leftImg8bit.png train/labels/ulm_000090_000019_leftImg8bit.txt
train/images/weimar_000000_000019_leftImg8bit.png train/labels/weimar_000000_000019_leftImg8bit.txt
train/images/weimar_000002_000019_leftImg8bit.png train/labels/weimar_000002_000019_leftImg8bit.txt
train/images/weimar_000007_000019_leftImg8bit.png train/labels/weimar_000007_000019_leftImg8bit.txt
train/images/weimar_000014_000019_leftImg8bit.png train/labels/weimar_000014_000019_leftImg8bit.txt
train/images/weimar_000020_000019_leftImg8bit.png train/labels/weimar_000020_000019_leftImg8bit.txt
train/images/weimar_000021_000019_leftImg8bit.png train/labels/weimar_000021_000019_leftImg8bit.txt
train/images/weimar_000022_000019_leftImg8bit.png train/labels/weimar_000022_000019_leftImg8bit.txt
train/images/weimar_000031_000019_leftImg8bit.png train/labels/weimar_000031_000019_leftImg8bit.txt
train/images/weimar_000036_000019_leftImg8bit.png train/labels/weimar_000036_000019_leftImg8bit.txt
train/images/weimar_000049_000019_leftImg8bit.png train/labels/weimar_000049_000019_leftImg8bit.txt
train/images/weimar_000058_000019_leftImg8bit.png train/labels/weimar_000058_000019_leftImg8bit.txt
train/images/weimar_000060_000019_leftImg8bit.png train/labels/weimar_000060_000019_leftImg8bit.txt
train/images/weimar_000066_000019_leftImg8bit.png train/labels/weimar_000066_000019_leftImg8bit.txt
train/images/weimar_000069_000019_leftImg8bit.png train/labels/weimar_000069_000019_leftImg8bit.txt
train/images/weimar_000081_000019_leftImg8bit.png train/labels/weimar_000081_000019_leftImg8bit.txt
train/images/weimar_000107_000019_leftImg8bit.png train/labels/weimar_000107_000019_leftImg8bit.txt
train/images/weimar_000111_000019_leftImg8bit.png train/labels/weimar_000111_000019_leftImg8bit.txt
train/images/weimar_000112_000019_leftImg8bit.png train/labels/weimar_000112_000019_leftImg8bit.txt
train/images/weimar_000114_000019_leftImg8bit.png train/labels/weimar_000114_000019_leftImg8bit.txt
train/images/weimar_000115_000019_leftImg8bit.png train/labels/weimar_000115_000019_leftImg8bit.txt
train/images/weimar_000126_000019_leftImg8bit.png train/labels/weimar_000126_000019_leftImg8bit.txt
train/images/weimar_000129_000019_leftImg8bit.png train/labels/weimar_000129_000019_leftImg8bit.txt
train/images/weimar_000131_000019_leftImg8bit.png train/labels/weimar_000131_000019_leftImg8bit.txt
train/images/weimar_000137_000019_leftImg8bit.png train/labels/weimar_000137_000019_leftImg8bit.txt
train/images/zurich_000000_000019_leftImg8bit.png train/labels/zurich_000000_000019_leftImg8bit.txt
train/images/zurich_000006_000019_leftImg8bit.png train/labels/zurich_000006_000019_leftImg8bit.txt
train/images/zurich_000010_000019_leftImg8bit.png train/labels/zurich_000010_000019_leftImg8bit.txt
train/images/zurich_000023_000019_leftImg8bit.png train/labels/zurich_000023_000019_leftImg8bit.txt
train/images/zurich_000024_000019_leftImg8bit.png train/labels/zurich_000024_000019_leftImg8bit.txt
train/images/zurich_000027_000019_leftImg8bit.png train/labels/zurich_000027_000019_leftImg8bit.txt
train/images/zurich_000030_000019_leftImg8bit.png train/labels/zurich_000030_000019_leftImg8bit.txt
train/images/zurich_000031_000019_leftImg8bit.png train/labels/zurich_000031_000019_leftImg8bit.txt
train/images/zurich_000033_000019_leftImg8bit.png train/labels/zurich_000033_000019_leftImg8bit.txt
train/images/zurich_000069_000019_leftImg8bit.png train/labels/zurich_000069_000019_leftImg8bit.txt
train/images/zurich_000071_000019_leftImg8bit.png train/labels/zurich_000071_000019_leftImg8bit.txt
train/images/zurich_000076_000019_leftImg8bit.png train/labels/zurich_000076_000019_leftImg8bit.txt
train/images/zurich_000078_000019_leftImg8bit.png train/labels/zurich_000078_000019_leftImg8bit.txt
train/images/zurich_000081_000019_leftImg8bit.png train/labels/zurich_000081_000019_leftImg8bit.txt
train/images/zurich_000082_000019_leftImg8bit.png train/labels/zurich_000082_000019_leftImg8bit.txt
train/images/zurich_000095_000019_leftImg8bit.png train/labels/zurich_000095_000019_leftImg8bit.txt
train/images/zurich_000099_000019_leftImg8bit.png train/labels/zurich_000099_000019_leftImg8bit.txt
train/images/zurich_000106_000019_leftImg8bit.png train/labels/zurich_000106_000019_leftImg8bit.txt
train/images/zurich_000109_000019_leftImg8bit.png train/labels/zurich_000109_000019_leftImg8bit.txt
train/images/zurich_000110_000019_leftImg8bit.png train/labels/zurich_000110_000019_leftImg8bit.txt
train/images/zurich_000121_000019_leftImg8bit.png train/labels/zurich_000121_000019_leftImg8bit.txt
